Removed Pin From Net: NetName=VCC Pin=C?-1
Change Component Comment : Designator=R? Old Comment=Res New Comment=4k7
Change Component Comment : Designator=R? Old Comment=Res New Comment=300
Change Component Comment : Designator=R? Old Comment=Res New Comment=300
Change Component Designator: OldDesignator=C? NewDesignator=C1
Change Component Designator: OldDesignator=C? NewDesignator=C2
Change Component Designator: OldDesignator=C? NewDesignator=C2
Change Component Designator: OldDesignator=C? NewDesignator=C5
Change Component Designator: OldDesignator=C? NewDesignator=C31
Change Component Designator: OldDesignator=C? NewDesignator=C32
Change Component Designator: OldDesignator=HD? NewDesignator=HD10
Change Component Designator: OldDesignator=IC? NewDesignator=IC7805
Change Component Designator: OldDesignator=JDC? NewDesignator=JDC1
Change Component Designator: OldDesignator=Q? NewDesignator=Q1
Change Component Designator: OldDesignator=R? NewDesignator=R1
Change Component Designator: OldDesignator=R? NewDesignator=R2
Change Component Designator: OldDesignator=R? NewDesignator=R3
Change Component Designator: OldDesignator=U? NewDesignator=U81
Added Pin To Net: NetName=GND Pin=C31-1
Change Net Name : Old Net Name=NetC?_1 New Net Name=NetC2_1
Change Net Name : Old Net Name=NetC?_2 New Net Name=NetC2_2
Change Net Name : Old Net Name=NetC?_3 New Net Name=NetC5_3
Change Net Name : Old Net Name=NetHD?_1 New Net Name=NetHD10_1
Change Net Name : Old Net Name=NetHD?_5 New Net Name=NetHD10_5
Change Net Name : Old Net Name=NetHD?_7 New Net Name=NetHD10_7
Change Net Name : Old Net Name=NetHD?_9 New Net Name=NetHD10_9
Change Net Name : Old Net Name=NetQ?_1 New Net Name=NetQ1_1
Change Net Name : Old Net Name=NetR?_1 New Net Name=NetR1_1
Change Net Name : Old Net Name=NetR?_2 New Net Name=NetR2_2
Added Pin To Net: NetName=NetC1_2 Pin=C1-2
Added Pin To Net: NetName=NetC1_2 Pin=C2-2
Added Pin To Net: NetName=NetC1_2 Pin=IC?-11
Added Net: Name=NetC1_2
Added Pin To Net: NetName=NetC5_2 Pin=C5-2
Added Pin To Net: NetName=NetC5_2 Pin=IC?-39
Added Net: Name=NetC5_2
Added Pin To Net: NetName=NetC31_3 Pin=C31-3
Added Pin To Net: NetName=NetC31_3 Pin=IC?-19
Added Net: Name=NetC31_3
Added Pin To Net: NetName=NetC32_3 Pin=C32-3
Added Pin To Net: NetName=NetC32_3 Pin=IC?-18
Added Net: Name=NetC32_3
Added Pin To Net: NetName=NetIC?_21 Pin=IC?-21
Added Pin To Net: NetName=NetIC?_21 Pin=R1-2
Added Net: Name=NetIC?_21
Added Member To Class: ClassName=servo Member=Component C1 CN-ALU-DIP
Added Member To Class: ClassName=servo Member=Component C2 CN-ALU-DIP
Added Member To Class: ClassName=servo Member=Component C5 Header5
Added Member To Class: ClassName=servo Member=Component C31 JP3
Added Member To Class: ClassName=servo Member=Component C32 JP3
Added Member To Class: ClassName=servo Member=Component IC7805 LM7805
Added Member To Class: ClassName=servo Member=Component R1 300
Added Member To Class: ClassName=servo Member=Component R2 300
Added Member To Class: ClassName=servo Member=Component VR? 50K
